<?xml version="1.0" encoding="UTF-8"?>
<Site BuildName="Linux-c++"
	BuildStamp="20250420-0042-Experimental"
	Name="esther-fedora"
	Generator="ctest-3.30.8"
	CompilerName="/usr/bin/c++"
	CompilerVersion="14.2.1"
	OSName="Linux"
	Hostname="esther-fedora"
	OSRelease="6.13.8-200.fc41.x86_64"
	OSVersion="#1 SMP PREEMPT_DYNAMIC Sun Mar 23 05:03:09 UTC 2025"
	OSPlatform="x86_64"
	Is64Bits="1"
	VendorString="GenuineIntel"
	VendorID="Intel Corporation"
	FamilyID="6"
	ModelID="170"
	ProcessorCacheSize="24576"
	NumberOfLogicalCPU="22"
	NumberOfPhysicalCPU="16"
	TotalVirtualMemory="8191"
	TotalPhysicalMemory="31575"
	LogicalProcessorsPerPhysical="1"
	ProcessorClockFrequency="2000.52"
	>
	<Testing>
		<StartDateTime>Apr 19 23:09 CDT</StartDateTime>
		<StartTestTime>1745122150</StartTestTime>
		<TestList/>
		<EndDateTime>Apr 19 23:09 CDT</EndDateTime>
		<EndTestTime>1745122150</EndTestTime>
		<ElapsedMinutes>0</ElapsedMinutes>
	</Testing>
</Site>
